{"total": {"lines":{"total":1022,"covered":1001,"skipped":0,"pct":97.94},"statements":{"total":1076,"covered":1033,"skipped":0,"pct":96},"functions":{"total":115,"covered":114,"skipped":0,"pct":99.13},"branches":{"total":767,"covered":626,"skipped":0,"pct":81.61},"branchesTrue":{"total":0,"covered":0,"skipped":0,"pct":100}}
,"C:\\Users\\photo\\Desktop\\ClickerPro_Project\\backend\\src\\controllers\\assignmentController.js": {"lines":{"total":32,"covered":32,"skipped":0,"pct":100},"functions":{"total":4,"covered":4,"skipped":0,"pct":100},"statements":{"total":32,"covered":32,"skipped":0,"pct":100},"branches":{"total":7,"covered":7,"skipped":0,"pct":100}}
,"C:\\Users\\photo\\Desktop\\ClickerPro_Project\\backend\\src\\controllers\\authController.js": {"lines":{"total":172,"covered":166,"skipped":0,"pct":96.51},"functions":{"total":18,"covered":17,"skipped":0,"pct":94.44},"statements":{"total":187,"covered":177,"skipped":0,"pct":94.65},"branches":{"total":165,"covered":136,"skipped":0,"pct":82.42}}
,"C:\\Users\\photo\\Desktop\\ClickerPro_Project\\backend\\src\\controllers\\bookingController.js": {"lines":{"total":44,"covered":39,"skipped":0,"pct":88.63},"functions":{"total":3,"covered":3,"skipped":0,"pct":100},"statements":{"total":44,"covered":39,"skipped":0,"pct":88.63},"branches":{"total":53,"covered":35,"skipped":0,"pct":66.03}}
,"C:\\Users\\photo\\Desktop\\ClickerPro_Project\\backend\\src\\controllers\\broadcastController.js": {"lines":{"total":27,"covered":27,"skipped":0,"pct":100},"functions":{"total":3,"covered":3,"skipped":0,"pct":100},"statements":{"total":27,"covered":27,"skipped":0,"pct":100},"branches":{"total":18,"covered":18,"skipped":0,"pct":100}}
,"C:\\Users\\photo\\Desktop\\ClickerPro_Project\\backend\\src\\controllers\\chatController.js": {"lines":{"total":33,"covered":33,"skipped":0,"pct":100},"functions":{"total":4,"covered":4,"skipped":0,"pct":100},"statements":{"total":33,"covered":33,"skipped":0,"pct":100},"branches":{"total":2,"covered":2,"skipped":0,"pct":100}}
,"C:\\Users\\photo\\Desktop\\ClickerPro_Project\\backend\\src\\controllers\\clientBookingController.js": {"lines":{"total":29,"covered":29,"skipped":0,"pct":100},"functions":{"total":3,"covered":3,"skipped":0,"pct":100},"statements":{"total":29,"covered":29,"skipped":0,"pct":100},"branches":{"total":4,"covered":4,"skipped":0,"pct":100}}
,"C:\\Users\\photo\\Desktop\\ClickerPro_Project\\backend\\src\\controllers\\clientController.js": {"lines":{"total":33,"covered":33,"skipped":0,"pct":100},"functions":{"total":4,"covered":4,"skipped":0,"pct":100},"statements":{"total":33,"covered":33,"skipped":0,"pct":100},"branches":{"total":6,"covered":6,"skipped":0,"pct":100}}
,"C:\\Users\\photo\\Desktop\\ClickerPro_Project\\backend\\src\\controllers\\deliveryController.js": {"lines":{"total":20,"covered":20,"skipped":0,"pct":100},"functions":{"total":2,"covered":2,"skipped":0,"pct":100},"statements":{"total":20,"covered":20,"skipped":0,"pct":100},"branches":{"total":8,"covered":8,"skipped":0,"pct":100}}
,"C:\\Users\\photo\\Desktop\\ClickerPro_Project\\backend\\src\\controllers\\deviceTokenController.js": {"lines":{"total":31,"covered":31,"skipped":0,"pct":100},"functions":{"total":3,"covered":3,"skipped":0,"pct":100},"statements":{"total":31,"covered":31,"skipped":0,"pct":100},"branches":{"total":21,"covered":16,"skipped":0,"pct":76.19}}
,"C:\\Users\\photo\\Desktop\\ClickerPro_Project\\backend\\src\\controllers\\expenseController.js": {"lines":{"total":27,"covered":27,"skipped":0,"pct":100},"functions":{"total":3,"covered":3,"skipped":0,"pct":100},"statements":{"total":27,"covered":27,"skipped":0,"pct":100},"branches":{"total":8,"covered":8,"skipped":0,"pct":100}}
,"C:\\Users\\photo\\Desktop\\ClickerPro_Project\\backend\\src\\controllers\\extraTimeController.js": {"lines":{"total":31,"covered":31,"skipped":0,"pct":100},"functions":{"total":2,"covered":2,"skipped":0,"pct":100},"statements":{"total":31,"covered":31,"skipped":0,"pct":100},"branches":{"total":15,"covered":15,"skipped":0,"pct":100}}
,"C:\\Users\\photo\\Desktop\\ClickerPro_Project\\backend\\src\\controllers\\gearController.js": {"lines":{"total":18,"covered":18,"skipped":0,"pct":100},"functions":{"total":4,"covered":4,"skipped":0,"pct":100},"statements":{"total":21,"covered":21,"skipped":0,"pct":100},"branches":{"total":29,"covered":19,"skipped":0,"pct":65.51}}
,"C:\\Users\\photo\\Desktop\\ClickerPro_Project\\backend\\src\\controllers\\invoiceController.js": {"lines":{"total":39,"covered":35,"skipped":0,"pct":89.74},"functions":{"total":2,"covered":2,"skipped":0,"pct":100},"statements":{"total":39,"covered":35,"skipped":0,"pct":89.74},"branches":{"total":23,"covered":22,"skipped":0,"pct":95.65}}
,"C:\\Users\\photo\\Desktop\\ClickerPro_Project\\backend\\src\\controllers\\legalController.js": {"lines":{"total":20,"covered":20,"skipped":0,"pct":100},"functions":{"total":4,"covered":4,"skipped":0,"pct":100},"statements":{"total":22,"covered":22,"skipped":0,"pct":100},"branches":{"total":18,"covered":15,"skipped":0,"pct":83.33}}
,"C:\\Users\\photo\\Desktop\\ClickerPro_Project\\backend\\src\\controllers\\notificationController.js": {"lines":{"total":33,"covered":31,"skipped":0,"pct":93.93},"functions":{"total":5,"covered":5,"skipped":0,"pct":100},"statements":{"total":33,"covered":31,"skipped":0,"pct":93.93},"branches":{"total":6,"covered":6,"skipped":0,"pct":100}}
,"C:\\Users\\photo\\Desktop\\ClickerPro_Project\\backend\\src\\controllers\\packageController.js": {"lines":{"total":27,"covered":27,"skipped":0,"pct":100},"functions":{"total":4,"covered":4,"skipped":0,"pct":100},"statements":{"total":27,"covered":27,"skipped":0,"pct":100},"branches":{"total":4,"covered":4,"skipped":0,"pct":100}}
,"C:\\Users\\photo\\Desktop\\ClickerPro_Project\\backend\\src\\controllers\\paymentController.js": {"lines":{"total":22,"covered":22,"skipped":0,"pct":100},"functions":{"total":3,"covered":3,"skipped":0,"pct":100},"statements":{"total":22,"covered":22,"skipped":0,"pct":100},"branches":{"total":7,"covered":7,"skipped":0,"pct":100}}
,"C:\\Users\\photo\\Desktop\\ClickerPro_Project\\backend\\src\\controllers\\profileController.js": {"lines":{"total":63,"covered":62,"skipped":0,"pct":98.41},"functions":{"total":5,"covered":5,"skipped":0,"pct":100},"statements":{"total":85,"covered":70,"skipped":0,"pct":82.35},"branches":{"total":111,"covered":66,"skipped":0,"pct":59.45}}
,"C:\\Users\\photo\\Desktop\\ClickerPro_Project\\backend\\src\\controllers\\reeditController.js": {"lines":{"total":37,"covered":37,"skipped":0,"pct":100},"functions":{"total":3,"covered":3,"skipped":0,"pct":100},"statements":{"total":37,"covered":37,"skipped":0,"pct":100},"branches":{"total":21,"covered":20,"skipped":0,"pct":95.23}}
,"C:\\Users\\photo\\Desktop\\ClickerPro_Project\\backend\\src\\controllers\\rentController.js": {"lines":{"total":22,"covered":22,"skipped":0,"pct":100},"functions":{"total":3,"covered":3,"skipped":0,"pct":100},"statements":{"total":22,"covered":22,"skipped":0,"pct":100},"branches":{"total":10,"covered":10,"skipped":0,"pct":100}}
,"C:\\Users\\photo\\Desktop\\ClickerPro_Project\\backend\\src\\controllers\\reportController.js": {"lines":{"total":37,"covered":37,"skipped":0,"pct":100},"functions":{"total":4,"covered":4,"skipped":0,"pct":100},"statements":{"total":38,"covered":38,"skipped":0,"pct":100},"branches":{"total":16,"covered":15,"skipped":0,"pct":93.75}}
,"C:\\Users\\photo\\Desktop\\ClickerPro_Project\\backend\\src\\controllers\\searchController.js": {"lines":{"total":21,"covered":19,"skipped":0,"pct":90.47},"functions":{"total":1,"covered":1,"skipped":0,"pct":100},"statements":{"total":21,"covered":19,"skipped":0,"pct":90.47},"branches":{"total":28,"covered":21,"skipped":0,"pct":75}}
,"C:\\Users\\photo\\Desktop\\ClickerPro_Project\\backend\\src\\controllers\\statusController.js": {"lines":{"total":56,"covered":56,"skipped":0,"pct":100},"functions":{"total":4,"covered":4,"skipped":0,"pct":100},"statements":{"total":57,"covered":57,"skipped":0,"pct":100},"branches":{"total":40,"covered":37,"skipped":0,"pct":92.5}}
,"C:\\Users\\photo\\Desktop\\ClickerPro_Project\\backend\\src\\controllers\\supportController.js": {"lines":{"total":20,"covered":20,"skipped":0,"pct":100},"functions":{"total":3,"covered":3,"skipped":0,"pct":100},"statements":{"total":20,"covered":20,"skipped":0,"pct":100},"branches":{"total":6,"covered":6,"skipped":0,"pct":100}}
,"C:\\Users\\photo\\Desktop\\ClickerPro_Project\\backend\\src\\controllers\\taskController.js": {"lines":{"total":26,"covered":26,"skipped":0,"pct":100},"functions":{"total":2,"covered":2,"skipped":0,"pct":100},"statements":{"total":26,"covered":26,"skipped":0,"pct":100},"branches":{"total":12,"covered":12,"skipped":0,"pct":100}}
,"C:\\Users\\photo\\Desktop\\ClickerPro_Project\\backend\\src\\controllers\\teamController.js": {"lines":{"total":56,"covered":55,"skipped":0,"pct":98.21},"functions":{"total":9,"covered":9,"skipped":0,"pct":100},"statements":{"total":64,"covered":61,"skipped":0,"pct":95.31},"branches":{"total":41,"covered":34,"skipped":0,"pct":82.92}}
,"C:\\Users\\photo\\Desktop\\ClickerPro_Project\\backend\\src\\lib\\response.js": {"lines":{"total":5,"covered":5,"skipped":0,"pct":100},"functions":{"total":4,"covered":4,"skipped":0,"pct":100},"statements":{"total":5,"covered":5,"skipped":0,"pct":100},"branches":{"total":2,"covered":1,"skipped":0,"pct":50}}
,"C:\\Users\\photo\\Desktop\\ClickerPro_Project\\backend\\src\\lib\\roles.js": {"lines":{"total":8,"covered":8,"skipped":0,"pct":100},"functions":{"total":3,"covered":3,"skipped":0,"pct":100},"statements":{"total":9,"covered":8,"skipped":0,"pct":88.88},"branches":{"total":6,"covered":4,"skipped":0,"pct":66.66}}
,"C:\\Users\\photo\\Desktop\\ClickerPro_Project\\backend\\src\\lib\\userPresenter.js": {"lines":{"total":5,"covered":5,"skipped":0,"pct":100},"functions":{"total":1,"covered":1,"skipped":0,"pct":100},"statements":{"total":6,"covered":5,"skipped":0,"pct":83.33},"branches":{"total":42,"covered":36,"skipped":0,"pct":85.71}}
,"C:\\Users\\photo\\Desktop\\ClickerPro_Project\\backend\\src\\middleware\\authMiddleware.js": {"lines":{"total":14,"covered":14,"skipped":0,"pct":100},"functions":{"total":1,"covered":1,"skipped":0,"pct":100},"statements":{"total":14,"covered":14,"skipped":0,"pct":100},"branches":{"total":6,"covered":6,"skipped":0,"pct":100}}
,"C:\\Users\\photo\\Desktop\\ClickerPro_Project\\backend\\src\\middleware\\errorMiddleware.js": {"lines":{"total":14,"covered":14,"skipped":0,"pct":100},"functions":{"total":1,"covered":1,"skipped":0,"pct":100},"statements":{"total":14,"covered":14,"skipped":0,"pct":100},"branches":{"total":32,"covered":30,"skipped":0,"pct":93.75}}
}
