TN:
SF:src\controllers\assignmentController.js
FN:4,(anonymous_0)
FN:39,(anonymous_1)
FN:57,(anonymous_2)
FN:78,(anonymous_3)
FNF:4
FNH:4
FNDA:4,(anonymous_0)
FNDA:2,(anonymous_1)
FNDA:2,(anonymous_2)
FNDA:2,(anonymous_3)
DA:1,27
DA:4,27
DA:5,4
DA:6,4
DA:7,4
DA:9,4
DA:10,1
DA:14,3
DA:18,2
DA:19,1
DA:23,1
DA:31,1
DA:33,1
DA:34,1
DA:39,27
DA:40,2
DA:41,2
DA:43,2
DA:50,1
DA:52,1
DA:57,27
DA:58,2
DA:59,2
DA:61,2
DA:71,1
DA:73,1
DA:78,27
DA:79,2
DA:80,2
DA:81,2
DA:84,1
DA:86,1
LF:32
LH:32
BRDA:9,0,0,1
BRDA:9,0,1,3
BRDA:9,1,0,4
BRDA:9,1,1,4
BRDA:9,1,2,3
BRDA:18,2,0,1
BRDA:18,2,1,1
BRF:7
BRH:7
end_of_record
TN:
SF:src\controllers\authController.js
FN:34,signToken
FN:40,isValidEmail
FN:44,isStrongPassword
FN:53,generateOtp
FN:59,generateInviteCode
FN:65,buildSessionResponse
FN:76,(anonymous_6)
FN:132,(anonymous_7)
FN:160,(anonymous_8)
FN:206,(anonymous_9)
FN:286,(anonymous_10)
FN:317,(anonymous_11)
FN:354,(anonymous_12)
FN:381,(anonymous_13)
FN:415,(anonymous_14)
FN:441,(anonymous_15)
FN:450,(anonymous_16)
FN:460,(anonymous_17)
FNF:18
FNH:17
FNDA:4,signToken
FNDA:14,isValidEmail
FNDA:15,isStrongPassword
FNDA:2,generateOtp
FNDA:0,generateInviteCode
FNDA:4,buildSessionResponse
FNDA:5,(anonymous_6)
FNDA:4,(anonymous_7)
FNDA:3,(anonymous_8)
FNDA:7,(anonymous_9)
FNDA:3,(anonymous_10)
FNDA:5,(anonymous_11)
FNDA:8,(anonymous_12)
FNDA:1,(anonymous_13)
FNDA:6,(anonymous_14)
FNDA:1,(anonymous_15)
FNDA:1,(anonymous_16)
FNDA:1,(anonymous_17)
DA:20,27
DA:21,27
DA:22,27
DA:24,27
DA:25,27
DA:26,27
DA:27,27
DA:29,27
DA:30,27
DA:35,4
DA:41,14
DA:45,15
DA:55,2
DA:56,2
DA:61,0
DA:62,0
DA:66,4
DA:67,4
DA:76,27
DA:77,5
DA:78,5
DA:79,5
DA:80,5
DA:81,5
DA:82,5
DA:84,5
DA:87,5
DA:90,5
DA:91,0
DA:93,5
DA:94,0
DA:96,5
DA:97,1
DA:99,4
DA:100,1
DA:103,3
DA:104,1
DA:108,2
DA:109,2
DA:110,1
DA:113,1
DA:115,1
DA:128,1
DA:132,27
DA:133,4
DA:134,4
DA:136,4
DA:137,1
DA:140,3
DA:141,3
DA:143,1
DA:146,2
DA:147,2
DA:148,1
DA:152,1
DA:153,0
DA:156,1
DA:160,27
DA:161,3
DA:162,3
DA:164,3
DA:165,3
DA:166,1
DA:170,2
DA:171,2
DA:174,2
DA:175,1
DA:179,1
DA:184,1
DA:185,1
DA:187,1
DA:198,1
DA:199,1
DA:202,1
DA:206,27
DA:207,7
DA:208,7
DA:209,7
DA:211,7
DA:212,1
DA:215,6
DA:220,6
DA:221,5
DA:224,4
DA:225,1
DA:228,3
DA:229,3
DA:230,1
DA:234,1
DA:238,2
DA:244,2
DA:245,1
DA:249,1
DA:250,1
DA:254,1
DA:255,1
DA:259,1
DA:261,1
DA:262,1
DA:264,1
DA:274,1
DA:280,0
DA:286,27
DA:287,3
DA:288,3
DA:290,2
DA:291,2
DA:293,1
DA:294,1
DA:295,1
DA:299,1
DA:307,1
DA:308,1
DA:313,2
DA:317,27
DA:318,5
DA:319,5
DA:321,5
DA:322,4
DA:323,1
DA:326,3
DA:327,3
DA:331,3
DA:332,2
DA:335,1
DA:336,1
DA:347,1
DA:354,27
DA:355,8
DA:356,8
DA:357,8
DA:358,8
DA:359,8
DA:361,8
DA:362,7
DA:363,6
DA:364,6
DA:365,1
DA:368,5
DA:369,5
DA:370,4
DA:371,3
DA:373,2
DA:374,2
DA:375,1
DA:378,1
DA:381,1
DA:382,1
DA:393,1
DA:398,1
DA:406,1
DA:409,1
DA:415,27
DA:416,6
DA:417,6
DA:418,5
DA:419,2
DA:422,3
DA:426,3
DA:427,2
DA:428,1
DA:431,1
DA:437,1
DA:441,27
DA:442,1
DA:443,1
DA:447,1
DA:450,27
DA:451,1
DA:456,1
DA:460,27
DA:462,1
LF:172
LH:166
BRDA:29,0,0,27
BRDA:29,0,1,0
BRDA:41,1,0,14
BRDA:41,1,1,14
BRDA:46,2,0,15
BRDA:46,2,1,15
BRDA:46,2,2,12
BRDA:46,2,3,12
BRDA:77,3,0,5
BRDA:77,3,1,0
BRDA:78,4,0,5
BRDA:78,4,1,0
BRDA:78,4,2,0
BRDA:79,5,0,5
BRDA:79,5,1,0
BRDA:80,6,0,5
BRDA:80,6,1,5
BRDA:80,7,0,5
BRDA:80,7,1,5
BRDA:81,8,0,5
BRDA:81,8,1,0
BRDA:82,9,0,0
BRDA:82,9,1,5
BRDA:84,10,0,5
BRDA:84,10,1,3
BRDA:84,11,0,5
BRDA:84,11,1,3
BRDA:84,11,2,3
BRDA:87,12,0,5
BRDA:87,12,1,0
BRDA:90,13,0,0
BRDA:90,13,1,5
BRDA:90,14,0,5
BRDA:90,14,1,5
BRDA:90,14,2,5
BRDA:93,15,0,0
BRDA:93,15,1,5
BRDA:96,16,0,1
BRDA:96,16,1,4
BRDA:99,17,0,1
BRDA:99,17,1,3
BRDA:103,18,0,1
BRDA:103,18,1,2
BRDA:103,19,0,3
BRDA:103,19,1,1
BRDA:103,19,2,2
BRDA:109,20,0,1
BRDA:109,20,1,1
BRDA:133,21,0,4
BRDA:133,21,1,1
BRDA:134,22,0,4
BRDA:134,22,1,1
BRDA:136,23,0,1
BRDA:136,23,1,3
BRDA:136,24,0,4
BRDA:136,24,1,3
BRDA:141,25,0,1
BRDA:141,25,1,2
BRDA:147,26,0,1
BRDA:147,26,1,1
BRDA:152,27,0,0
BRDA:152,27,1,1
BRDA:152,28,0,1
BRDA:152,28,1,0
BRDA:161,29,0,3
BRDA:161,29,1,0
BRDA:164,30,0,0
BRDA:164,30,1,3
BRDA:165,31,0,1
BRDA:165,31,1,2
BRDA:174,32,0,1
BRDA:174,32,1,1
BRDA:198,33,0,1
BRDA:198,33,1,0
BRDA:207,34,0,7
BRDA:207,34,1,0
BRDA:208,35,0,7
BRDA:208,35,1,1
BRDA:211,36,0,1
BRDA:211,36,1,6
BRDA:211,37,0,7
BRDA:211,37,1,7
BRDA:211,37,2,6
BRDA:220,38,0,1
BRDA:220,38,1,5
BRDA:221,39,0,1
BRDA:221,39,1,4
BRDA:224,40,0,1
BRDA:224,40,1,3
BRDA:229,41,0,1
BRDA:229,41,1,2
BRDA:244,42,0,1
BRDA:244,42,1,1
BRDA:244,43,0,2
BRDA:244,43,1,1
BRDA:249,44,0,0
BRDA:249,44,1,1
BRDA:254,45,0,1
BRDA:254,45,1,0
BRDA:259,46,0,0
BRDA:259,46,1,1
BRDA:287,47,0,3
BRDA:287,47,1,0
BRDA:288,48,0,1
BRDA:288,48,1,2
BRDA:291,49,0,1
BRDA:291,49,1,1
BRDA:307,50,0,1
BRDA:307,50,1,0
BRDA:318,51,0,5
BRDA:318,51,1,1
BRDA:319,52,0,5
BRDA:319,52,1,0
BRDA:321,53,0,1
BRDA:321,53,1,4
BRDA:322,54,0,1
BRDA:322,54,1,3
BRDA:331,55,0,2
BRDA:331,55,1,1
BRDA:331,56,0,3
BRDA:331,56,1,3
BRDA:331,56,2,2
BRDA:355,57,0,8
BRDA:355,57,1,0
BRDA:356,58,0,8
BRDA:356,58,1,0
BRDA:357,59,0,8
BRDA:357,59,1,1
BRDA:357,59,2,1
BRDA:358,60,0,8
BRDA:358,60,1,0
BRDA:359,61,0,8
BRDA:359,61,1,0
BRDA:361,62,0,1
BRDA:361,62,1,7
BRDA:361,63,0,8
BRDA:361,63,1,8
BRDA:362,64,0,1
BRDA:362,64,1,6
BRDA:363,65,0,0
BRDA:363,65,1,6
BRDA:364,66,0,1
BRDA:364,66,1,5
BRDA:369,67,0,1
BRDA:369,67,1,4
BRDA:370,68,0,1
BRDA:370,68,1,3
BRDA:371,69,0,1
BRDA:371,69,1,2
BRDA:374,70,0,1
BRDA:374,70,1,1
BRDA:387,71,0,1
BRDA:387,71,1,0
BRDA:402,72,0,1
BRDA:402,72,1,0
BRDA:417,73,0,1
BRDA:417,73,1,5
BRDA:418,74,0,2
BRDA:418,74,1,3
BRDA:418,75,0,5
BRDA:418,75,1,4
BRDA:426,76,0,1
BRDA:426,76,1,2
BRDA:427,77,0,1
BRDA:427,77,1,1
BRF:165
BRH:136
end_of_record
TN:
SF:src\controllers\bookingController.js
FN:7,(anonymous_0)
FN:165,(anonymous_1)
FN:194,(anonymous_2)
FNF:3
FNH:3
FNDA:5,(anonymous_0)
FNDA:2,(anonymous_1)
FNDA:2,(anonymous_2)
DA:1,27
DA:7,27
DA:8,5
DA:27,5
DA:29,5
DA:32,5
DA:33,1
DA:40,4
DA:41,4
DA:42,1
DA:49,3
DA:53,3
DA:54,1
DA:62,2
DA:68,2
DA:69,1
DA:78,1
DA:79,1
DA:88,1
DA:89,0
DA:98,0
DA:99,0
DA:107,1
DA:137,1
DA:147,1
DA:153,0
DA:165,27
DA:166,2
DA:167,2
DA:168,2
DA:181,1
DA:183,1
DA:194,27
DA:195,2
DA:196,2
DA:197,2
DA:198,2
DA:201,2
DA:205,2
DA:206,1
DA:210,1
DA:220,1
DA:230,1
DA:232,0
LF:44
LH:39
BRDA:32,0,0,1
BRDA:32,0,1,4
BRDA:32,1,0,5
BRDA:32,1,1,5
BRDA:32,1,2,5
BRDA:32,1,3,4
BRDA:41,2,0,1
BRDA:41,2,1,3
BRDA:53,3,0,1
BRDA:53,3,1,2
BRDA:68,4,0,1
BRDA:68,4,1,1
BRDA:68,5,0,2
BRDA:68,5,1,0
BRDA:68,5,2,2
BRDA:73,6,0,1
BRDA:73,6,1,0
BRDA:78,7,0,1
BRDA:78,7,1,0
BRDA:88,8,0,0
BRDA:88,8,1,1
BRDA:93,9,0,0
BRDA:93,9,1,0
BRDA:98,10,0,0
BRDA:98,10,1,0
BRDA:116,11,0,1
BRDA:116,11,1,1
BRDA:117,12,0,1
BRDA:117,12,1,1
BRDA:118,13,0,1
BRDA:118,13,1,1
BRDA:119,14,0,1
BRDA:119,14,1,0
BRDA:120,15,0,1
BRDA:120,15,1,0
BRDA:121,16,0,1
BRDA:121,16,1,0
BRDA:122,17,0,1
BRDA:122,17,1,0
BRDA:123,18,0,1
BRDA:123,18,1,0
BRDA:124,19,0,1
BRDA:124,19,1,0
BRDA:125,20,0,1
BRDA:125,20,1,0
BRDA:126,21,0,1
BRDA:126,21,1,0
BRDA:127,22,0,1
BRDA:127,22,1,0
BRDA:205,23,0,1
BRDA:205,23,1,1
BRDA:225,24,0,0
BRDA:225,24,1,1
BRF:53
BRH:35
end_of_record
TN:
SF:src\controllers\broadcastController.js
FN:8,(anonymous_0)
FN:50,(anonymous_1)
FN:78,(anonymous_2)
FNF:3
FNH:3
FNDA:5,(anonymous_0)
FNDA:2,(anonymous_1)
FNDA:3,(anonymous_2)
DA:1,27
DA:8,27
DA:9,5
DA:10,5
DA:11,5
DA:14,5
DA:15,2
DA:19,3
DA:33,2
DA:40,1
DA:41,1
DA:50,27
DA:51,2
DA:53,2
DA:62,1
DA:68,1
DA:69,1
DA:78,27
DA:79,3
DA:80,3
DA:81,3
DA:83,3
DA:84,1
DA:87,2
DA:91,1
DA:96,1
DA:97,1
LF:27
LH:27
BRDA:14,0,0,2
BRDA:14,0,1,3
BRDA:14,1,0,5
BRDA:14,1,1,3
BRDA:23,2,0,3
BRDA:23,2,1,3
BRDA:24,3,0,3
BRDA:24,3,1,3
BRDA:25,4,0,3
BRDA:25,4,1,3
BRDA:26,5,0,3
BRDA:26,5,1,2
BRDA:27,6,0,3
BRDA:27,6,1,2
BRDA:83,7,0,1
BRDA:83,7,1,2
BRDA:83,8,0,3
BRDA:83,8,1,1
BRF:18
BRH:18
end_of_record
TN:
SF:src\controllers\chatController.js
FN:4,(anonymous_0)
FN:26,(anonymous_1)
FN:47,(anonymous_2)
FN:69,(anonymous_3)
FNF:4
FNH:4
FNDA:2,(anonymous_0)
FNDA:2,(anonymous_1)
FNDA:2,(anonymous_2)
FNDA:3,(anonymous_3)
DA:1,27
DA:4,27
DA:5,2
DA:6,2
DA:7,2
DA:9,1
DA:11,1
DA:18,1
DA:20,1
DA:21,1
DA:26,27
DA:27,2
DA:28,2
DA:29,2
DA:31,2
DA:39,1
DA:41,1
DA:42,1
DA:47,27
DA:48,2
DA:49,2
DA:51,2
DA:61,1
DA:63,1
DA:64,1
DA:69,27
DA:70,3
DA:71,3
DA:72,3
DA:76,2
DA:77,1
DA:80,1
DA:82,1
LF:33
LH:33
BRDA:76,0,0,1
BRDA:76,0,1,1
BRF:2
BRH:2
end_of_record
TN:
SF:src\controllers\clientBookingController.js
FN:5,(anonymous_0)
FN:80,(anonymous_1)
FN:94,(anonymous_2)
FNF:3
FNH:3
FNDA:4,(anonymous_0)
FNDA:2,(anonymous_1)
FNDA:2,(anonymous_2)
DA:1,27
DA:2,27
DA:5,27
DA:6,4
DA:18,4
DA:20,4
DA:24,3
DA:25,1
DA:31,2
DA:35,2
DA:36,1
DA:47,2
DA:62,2
DA:69,2
DA:75,1
DA:76,1
DA:80,27
DA:81,2
DA:82,2
DA:83,2
DA:88,1
DA:90,1
DA:94,27
DA:95,2
DA:96,2
DA:97,2
DA:98,2
DA:102,1
DA:104,1
LF:29
LH:29
BRDA:24,0,0,1
BRDA:24,0,1,2
BRDA:35,1,0,1
BRDA:35,1,1,1
BRF:4
BRH:4
end_of_record
TN:
SF:src\controllers\clientController.js
FN:4,(anonymous_0)
FN:31,(anonymous_1)
FN:46,(anonymous_2)
FN:66,(anonymous_3)
FNF:4
FNH:4
FNDA:3,(anonymous_0)
FNDA:2,(anonymous_1)
FNDA:3,(anonymous_2)
FNDA:2,(anonymous_3)
DA:1,27
DA:4,27
DA:5,3
DA:6,3
DA:7,3
DA:9,3
DA:10,1
DA:13,2
DA:23,1
DA:25,1
DA:26,1
DA:31,27
DA:32,2
DA:33,2
DA:34,2
DA:39,1
DA:41,1
DA:46,27
DA:47,3
DA:48,3
DA:49,3
DA:51,3
DA:55,2
DA:56,1
DA:59,1
DA:61,1
DA:66,27
DA:67,2
DA:68,2
DA:69,2
DA:71,2
DA:76,1
DA:78,1
LF:33
LH:33
BRDA:9,0,0,1
BRDA:9,0,1,2
BRDA:9,1,0,3
BRDA:9,1,1,3
BRDA:55,2,0,1
BRDA:55,2,1,1
BRF:6
BRH:6
end_of_record
TN:
SF:src\controllers\deliveryController.js
FN:4,(anonymous_0)
FN:39,(anonymous_1)
FNF:2
FNH:2
FNDA:5,(anonymous_0)
FNDA:2,(anonymous_1)
DA:1,27
DA:4,27
DA:5,5
DA:6,5
DA:7,5
DA:9,5
DA:10,1
DA:14,4
DA:18,3
DA:19,1
DA:23,2
DA:31,2
DA:33,1
DA:34,1
DA:39,27
DA:40,2
DA:41,2
DA:42,2
DA:46,1
DA:48,1
LF:20
LH:20
BRDA:9,0,0,1
BRDA:9,0,1,4
BRDA:9,1,0,5
BRDA:9,1,1,5
BRDA:18,2,0,1
BRDA:18,2,1,2
BRDA:27,3,0,2
BRDA:27,3,1,1
BRF:8
BRH:8
end_of_record
TN:
SF:src\controllers\deviceTokenController.js
FN:16,(anonymous_0)
FN:71,(anonymous_1)
FN:97,(anonymous_2)
FNF:3
FNH:3
FNDA:8,(anonymous_0)
FNDA:3,(anonymous_1)
FNDA:2,(anonymous_2)
DA:12,27
DA:14,27
DA:16,27
DA:17,8
DA:18,8
DA:19,8
DA:21,8
DA:22,2
DA:27,6
DA:28,2
DA:36,4
DA:52,3
DA:63,1
DA:64,1
DA:71,27
DA:72,3
DA:73,3
DA:74,3
DA:76,3
DA:80,2
DA:81,1
DA:87,1
DA:89,1
DA:90,1
DA:97,27
DA:98,2
DA:99,2
DA:100,2
DA:112,1
DA:118,1
DA:119,1
LF:31
LH:31
BRDA:18,0,0,8
BRDA:18,0,1,0
BRDA:21,1,0,2
BRDA:21,1,1,6
BRDA:21,2,0,8
BRDA:21,2,1,7
BRDA:21,2,2,7
BRDA:27,3,0,2
BRDA:27,3,1,4
BRDA:27,4,0,6
BRDA:27,4,1,5
BRDA:40,5,0,4
BRDA:40,5,1,0
BRDA:41,6,0,4
BRDA:41,6,1,0
BRDA:47,7,0,4
BRDA:47,7,1,0
BRDA:48,8,0,4
BRDA:48,8,1,0
BRDA:80,9,0,1
BRDA:80,9,1,1
BRF:21
BRH:16
end_of_record
TN:
SF:src\controllers\expenseController.js
FN:4,(anonymous_0)
FN:31,(anonymous_1)
FN:47,(anonymous_2)
FNF:3
FNH:3
FNDA:4,(anonymous_0)
FNDA:2,(anonymous_1)
FNDA:3,(anonymous_2)
DA:1,27
DA:4,27
DA:5,4
DA:6,4
DA:7,4
DA:9,4
DA:10,1
DA:13,3
DA:23,2
DA:25,1
DA:26,1
DA:31,27
DA:32,2
DA:33,2
DA:34,2
DA:40,1
DA:42,1
DA:47,27
DA:48,3
DA:49,3
DA:52,3
DA:58,2
DA:63,2
DA:64,2
DA:65,2
DA:67,2
DA:74,1
LF:27
LH:27
BRDA:9,0,0,1
BRDA:9,0,1,3
BRDA:9,1,0,4
BRDA:9,1,1,3
BRDA:63,2,0,2
BRDA:63,2,1,1
BRDA:64,3,0,2
BRDA:64,3,1,1
BRF:8
BRH:8
end_of_record
TN:
SF:src\controllers\extraTimeController.js
FN:10,(anonymous_0)
FN:82,(anonymous_1)
FNF:2
FNH:2
FNDA:8,(anonymous_0)
FNDA:3,(anonymous_1)
DA:1,27
DA:10,27
DA:11,8
DA:12,8
DA:13,8
DA:14,8
DA:17,8
DA:18,8
DA:19,1
DA:26,7
DA:27,2
DA:34,5
DA:38,4
DA:39,1
DA:43,3
DA:45,2
DA:52,2
DA:53,1
DA:61,2
DA:66,2
DA:76,1
DA:77,1
DA:82,27
DA:83,3
DA:84,3
DA:86,3
DA:95,2
DA:96,1
DA:99,1
DA:101,1
DA:102,1
LF:31
LH:31
BRDA:18,0,0,1
BRDA:18,0,1,7
BRDA:26,1,0,2
BRDA:26,1,1,5
BRDA:26,2,0,7
BRDA:26,2,1,7
BRDA:26,2,2,6
BRDA:38,3,0,1
BRDA:38,3,1,3
BRDA:43,4,0,2
BRDA:43,4,1,1
BRDA:52,5,0,1
BRDA:52,5,1,1
BRDA:95,6,0,1
BRDA:95,6,1,1
BRF:15
BRH:15
end_of_record
TN:
SF:src\controllers\gearController.js
FN:7,presentGear
FN:20,(anonymous_1)
FN:40,(anonymous_2)
FN:52,(anonymous_3)
FNF:4
FNH:4
FNDA:2,presentGear
FNDA:3,(anonymous_1)
FNDA:1,(anonymous_2)
FNDA:3,(anonymous_3)
DA:3,27
DA:4,27
DA:8,2
DA:20,27
DA:21,3
DA:22,3
DA:24,1
DA:36,1
DA:40,27
DA:41,1
DA:45,1
DA:52,27
DA:53,3
DA:55,3
DA:56,3
DA:57,2
DA:59,1
DA:60,1
LF:18
LH:18
BRDA:11,0,0,2
BRDA:11,0,1,0
BRDA:12,1,0,2
BRDA:12,1,1,0
BRDA:13,2,0,2
BRDA:13,2,1,1
BRDA:14,3,0,2
BRDA:14,3,1,0
BRDA:15,4,0,2
BRDA:15,4,1,0
BRDA:21,5,0,3
BRDA:21,5,1,0
BRDA:22,6,0,2
BRDA:22,6,1,1
BRDA:22,7,0,3
BRDA:22,7,1,2
BRDA:29,8,0,1
BRDA:29,8,1,0
BRDA:29,8,2,0
BRDA:30,9,0,1
BRDA:30,9,1,0
BRDA:31,10,0,1
BRDA:31,10,1,0
BRDA:32,11,0,1
BRDA:32,11,1,0
BRDA:56,12,0,1
BRDA:56,12,1,2
BRDA:57,13,0,1
BRDA:57,13,1,1
BRF:29
BRH:19
end_of_record
TN:
SF:src\controllers\invoiceController.js
FN:8,(anonymous_0)
FN:103,(anonymous_1)
FNF:2
FNH:2
FNDA:6,(anonymous_0)
FNDA:2,(anonymous_1)
DA:1,27
DA:8,27
DA:9,6
DA:10,6
DA:11,6
DA:14,6
DA:15,1
DA:19,5
DA:20,1
DA:24,4
DA:31,4
DA:32,1
DA:35,3
DA:36,3
DA:39,3
DA:40,1
DA:44,3
DA:45,3
DA:48,3
DA:49,3
DA:50,1
DA:51,2
DA:52,1
DA:56,3
DA:57,3
DA:58,3
DA:62,3
DA:86,3
DA:93,0
DA:94,0
DA:103,27
DA:104,2
DA:105,2
DA:107,2
DA:119,2
DA:120,1
DA:123,1
DA:125,0
DA:126,0
LF:39
LH:35
BRDA:14,0,0,1
BRDA:14,0,1,5
BRDA:14,1,0,6
BRDA:14,1,1,2
BRDA:19,2,0,1
BRDA:19,2,1,4
BRDA:19,3,0,5
BRDA:19,3,1,5
BRDA:19,3,2,4
BRDA:31,4,0,1
BRDA:31,4,1,3
BRDA:39,5,0,1
BRDA:39,5,1,2
BRDA:39,6,0,3
BRDA:39,6,1,3
BRDA:49,7,0,1
BRDA:49,7,1,2
BRDA:51,8,0,1
BRDA:51,8,1,1
BRDA:82,9,0,3
BRDA:82,9,1,0
BRDA:119,10,0,1
BRDA:119,10,1,1
BRF:23
BRH:22
end_of_record
TN:
SF:src\controllers\legalController.js
FN:88,readDoc
FN:97,(anonymous_1)
FN:102,(anonymous_2)
FN:107,(anonymous_3)
FNF:4
FNH:4
FNDA:5,readDoc
FNDA:4,(anonymous_1)
FNDA:1,(anonymous_2)
FNDA:2,(anonymous_3)
DA:7,27
DA:8,27
DA:10,27
DA:89,5
DA:90,5
DA:93,5
DA:94,4
DA:97,27
DA:98,4
DA:99,4
DA:102,27
DA:103,1
DA:104,1
DA:107,27
DA:108,2
DA:109,2
DA:112,1
DA:116,1
DA:119,1
DA:128,1
LF:20
LH:20
BRDA:89,0,0,2
BRDA:89,0,1,3
BRDA:93,1,0,1
BRDA:93,1,1,4
BRDA:94,2,0,4
BRDA:94,2,1,0
BRDA:98,3,0,4
BRDA:98,3,1,1
BRDA:103,4,0,1
BRDA:103,4,1,0
BRDA:108,5,0,2
BRDA:108,5,1,1
BRDA:109,6,0,1
BRDA:109,6,1,1
BRDA:116,7,0,1
BRDA:116,7,1,0
BRDA:116,8,0,1
BRDA:116,8,1,1
BRF:18
BRH:15
end_of_record
TN:
SF:src\controllers\notificationController.js
FN:7,createNotificationInDB
FN:25,(anonymous_1)
FN:36,(anonymous_2)
FN:60,(anonymous_3)
FN:74,(anonymous_4)
FNF:5
FNH:5
FNDA:4,createNotificationInDB
FNDA:2,(anonymous_1)
FNDA:3,(anonymous_2)
FNDA:2,(anonymous_3)
FNDA:2,(anonymous_4)
DA:1,27
DA:8,4
DA:9,4
DA:19,1
DA:20,1
DA:25,27
DA:26,2
DA:27,2
DA:28,2
DA:30,0
DA:31,0
DA:36,27
DA:37,3
DA:38,3
DA:40,3
DA:41,1
DA:47,2
DA:49,1
DA:54,1
DA:55,1
DA:60,27
DA:61,2
DA:62,2
DA:63,2
DA:67,1
DA:69,1
DA:74,27
DA:75,2
DA:76,2
DA:77,2
DA:79,2
DA:84,1
DA:86,1
LF:33
LH:31
BRDA:7,0,0,1
BRDA:40,1,0,1
BRDA:40,1,1,2
BRDA:40,2,0,3
BRDA:40,2,1,2
BRDA:40,2,2,2
BRF:6
BRH:6
end_of_record
TN:
SF:src\controllers\packageController.js
FN:4,(anonymous_0)
FN:27,(anonymous_1)
FN:40,(anonymous_2)
FN:55,(anonymous_3)
FNF:4
FNH:4
FNDA:3,(anonymous_0)
FNDA:2,(anonymous_1)
FNDA:2,(anonymous_2)
FNDA:2,(anonymous_3)
DA:1,27
DA:4,27
DA:5,3
DA:6,3
DA:8,3
DA:9,1
DA:12,2
DA:19,1
DA:21,1
DA:22,1
DA:27,27
DA:28,2
DA:29,2
DA:33,1
DA:35,1
DA:40,27
DA:41,2
DA:42,2
DA:43,2
DA:48,1
DA:50,1
DA:55,27
DA:56,2
DA:57,2
DA:58,2
DA:61,1
DA:63,1
LF:27
LH:27
BRDA:8,0,0,1
BRDA:8,0,1,2
BRDA:8,1,0,3
BRDA:8,1,1,2
BRF:4
BRH:4
end_of_record
TN:
SF:src\controllers\paymentController.js
FN:4,(anonymous_0)
FN:33,(anonymous_1)
FN:49,(anonymous_2)
FNF:3
FNH:3
FNDA:4,(anonymous_0)
FNDA:2,(anonymous_1)
FNDA:3,(anonymous_2)
DA:1,27
DA:4,27
DA:5,4
DA:6,4
DA:8,4
DA:9,1
DA:12,3
DA:25,2
DA:27,1
DA:28,1
DA:33,27
DA:34,2
DA:35,2
DA:37,2
DA:42,1
DA:44,1
DA:49,27
DA:50,3
DA:51,3
DA:54,3
DA:59,2
DA:65,1
LF:22
LH:22
BRDA:8,0,0,1
BRDA:8,0,1,3
BRDA:8,1,0,4
BRDA:8,1,1,3
BRDA:8,1,2,3
BRDA:61,2,0,2
BRDA:61,2,1,1
BRF:7
BRH:7
end_of_record
TN:
SF:src\controllers\profileController.js
FN:11,(anonymous_0)
FN:24,(anonymous_1)
FN:70,(anonymous_2)
FN:99,(anonymous_3)
FN:135,(anonymous_4)
FNF:5
FNH:5
FNDA:2,(anonymous_0)
FNDA:4,(anonymous_1)
FNDA:3,(anonymous_2)
FNDA:3,(anonymous_3)
FNDA:2,(anonymous_4)
DA:6,27
DA:7,27
DA:8,27
DA:11,27
DA:12,2
DA:16,2
DA:17,1
DA:24,27
DA:25,4
DA:26,4
DA:29,4
DA:30,4
DA:32,4
DA:33,4
DA:34,4
DA:35,4
DA:36,4
DA:37,4
DA:38,4
DA:39,4
DA:40,4
DA:41,4
DA:42,4
DA:43,4
DA:46,4
DA:47,2
DA:48,1
DA:49,1
DA:50,1
DA:52,0
DA:56,4
DA:57,1
DA:60,3
DA:66,3
DA:70,27
DA:71,3
DA:72,3
DA:73,1
DA:76,2
DA:77,2
DA:78,2
DA:79,2
DA:81,2
DA:82,1
DA:85,1
DA:91,1
DA:99,27
DA:100,3
DA:104,3
DA:105,1
DA:108,2
DA:109,2
DA:110,1
DA:113,1
DA:114,1
DA:115,1
DA:116,1
DA:118,1
DA:124,1
DA:135,27
DA:136,2
DA:145,2
DA:146,2
LF:63
LH:62
BRDA:16,0,0,1
BRDA:16,0,1,1
BRDA:25,1,0,4
BRDA:25,1,1,0
BRDA:29,2,0,1
BRDA:29,2,1,3
BRDA:30,3,0,0
BRDA:30,3,1,4
BRDA:32,4,0,0
BRDA:32,4,1,4
BRDA:32,5,0,0
BRDA:32,5,1,0
BRDA:33,6,0,0
BRDA:33,6,1,4
BRDA:33,7,0,0
BRDA:33,7,1,0
BRDA:34,8,0,0
BRDA:34,8,1,4
BRDA:34,9,0,0
BRDA:34,9,1,0
BRDA:35,10,0,0
BRDA:35,10,1,4
BRDA:35,11,0,0
BRDA:35,11,1,0
BRDA:36,12,0,0
BRDA:36,12,1,4
BRDA:36,13,0,0
BRDA:36,13,1,0
BRDA:37,14,0,1
BRDA:37,14,1,3
BRDA:37,15,0,1
BRDA:37,15,1,0
BRDA:38,16,0,0
BRDA:38,16,1,4
BRDA:38,17,0,0
BRDA:38,17,1,0
BRDA:39,18,0,0
BRDA:39,18,1,4
BRDA:39,19,0,0
BRDA:39,19,1,0
BRDA:40,20,0,0
BRDA:40,20,1,4
BRDA:40,21,0,0
BRDA:40,21,1,0
BRDA:41,22,0,0
BRDA:41,22,1,4
BRDA:41,23,0,0
BRDA:41,23,1,0
BRDA:42,24,0,0
BRDA:42,24,1,4
BRDA:42,25,0,0
BRDA:42,25,1,0
BRDA:43,26,0,0
BRDA:43,26,1,4
BRDA:43,27,0,0
BRDA:43,27,1,0
BRDA:46,28,0,2
BRDA:46,28,1,2
BRDA:47,29,0,1
BRDA:47,29,1,1
BRDA:49,30,0,1
BRDA:49,30,1,0
BRDA:49,31,0,1
BRDA:49,31,1,1
BRDA:56,32,0,1
BRDA:56,32,1,3
BRDA:71,33,0,3
BRDA:71,33,1,0
BRDA:72,34,0,1
BRDA:72,34,1,2
BRDA:72,35,0,3
BRDA:72,35,1,2
BRDA:72,35,2,2
BRDA:77,36,0,1
BRDA:77,36,1,1
BRDA:78,37,0,1
BRDA:78,37,1,1
BRDA:79,38,0,0
BRDA:79,38,1,2
BRDA:81,39,0,1
BRDA:81,39,1,1
BRDA:104,40,0,1
BRDA:104,40,1,2
BRDA:104,41,0,3
BRDA:104,41,1,3
BRDA:104,41,2,1
BRDA:108,42,0,2
BRDA:108,42,1,0
BRDA:109,43,0,1
BRDA:109,43,1,1
BRDA:109,44,0,2
BRDA:109,44,1,2
BRDA:109,44,2,2
BRDA:114,45,0,1
BRDA:114,45,1,0
BRDA:115,46,0,1
BRDA:115,46,1,0
BRDA:116,47,0,1
BRDA:116,47,1,0
BRDA:116,48,0,1
BRDA:116,48,1,0
BRDA:145,49,0,0
BRDA:145,49,1,2
BRDA:147,50,0,2
BRDA:147,50,1,1
BRDA:148,51,0,2
BRDA:148,51,1,1
BRDA:149,52,0,2
BRDA:149,52,1,1
BRDA:150,53,0,1
BRDA:150,53,1,1
BRF:111
BRH:66
end_of_record
TN:
SF:src\controllers\reeditController.js
FN:8,(anonymous_0)
FN:55,(anonymous_1)
FN:95,(anonymous_2)
FNF:3
FNH:3
FNDA:4,(anonymous_0)
FNDA:5,(anonymous_1)
FNDA:3,(anonymous_2)
DA:1,27
DA:8,27
DA:9,4
DA:10,4
DA:11,4
DA:14,4
DA:15,1
DA:19,3
DA:20,2
DA:21,1
DA:25,1
DA:38,1
DA:45,1
DA:46,1
DA:55,27
DA:56,5
DA:57,5
DA:58,5
DA:59,5
DA:61,5
DA:62,4
DA:63,1
DA:67,3
DA:68,1
DA:71,2
DA:79,2
DA:85,1
DA:86,1
DA:95,27
DA:96,3
DA:97,3
DA:98,3
DA:101,3
DA:103,2
DA:109,1
DA:115,2
DA:117,1
LF:37
LH:37
BRDA:14,0,0,1
BRDA:14,0,1,3
BRDA:14,1,0,4
BRDA:14,1,1,1
BRDA:20,2,0,1
BRDA:20,2,1,1
BRDA:34,3,0,1
BRDA:34,3,1,0
BRDA:62,4,0,1
BRDA:62,4,1,3
BRDA:67,5,0,1
BRDA:67,5,1,2
BRDA:67,6,0,3
BRDA:67,6,1,2
BRDA:67,6,2,1
BRDA:75,7,0,1
BRDA:75,7,1,1
BRDA:101,8,0,2
BRDA:101,8,1,1
BRDA:101,9,0,3
BRDA:101,9,1,1
BRF:21
BRH:20
end_of_record
TN:
SF:src\controllers\rentController.js
FN:4,(anonymous_0)
FN:33,(anonymous_1)
FN:47,(anonymous_2)
FNF:3
FNH:3
FNDA:5,(anonymous_0)
FNDA:2,(anonymous_1)
FNDA:3,(anonymous_2)
DA:1,27
DA:4,27
DA:5,5
DA:6,5
DA:7,5
DA:9,5
DA:10,2
DA:13,3
DA:26,2
DA:28,1
DA:33,27
DA:34,2
DA:35,2
DA:40,1
DA:42,1
DA:47,27
DA:48,3
DA:49,3
DA:50,3
DA:52,3
DA:60,2
DA:62,1
LF:22
LH:22
BRDA:9,0,0,2
BRDA:9,0,1,3
BRDA:9,1,0,5
BRDA:9,1,1,4
BRDA:18,2,0,3
BRDA:18,2,1,1
BRDA:19,3,0,1
BRDA:19,3,1,2
BRDA:56,4,0,1
BRDA:56,4,1,2
BRF:10
BRH:10
end_of_record
TN:
SF:src\controllers\reportController.js
FN:4,(anonymous_0)
FN:63,(anonymous_1)
FN:77,(anonymous_2)
FN:120,(anonymous_3)
FNF:4
FNH:4
FNDA:4,(anonymous_0)
FNDA:3,(anonymous_1)
FNDA:2,(anonymous_2)
FNDA:1,(anonymous_3)
DA:1,27
DA:4,27
DA:5,4
DA:6,4
DA:7,4
DA:9,4
DA:10,1
DA:13,3
DA:14,3
DA:16,3
DA:24,2
DA:32,2
DA:42,2
DA:43,2
DA:44,2
DA:45,2
DA:47,2
DA:57,1
DA:58,1
DA:63,27
DA:64,3
DA:65,3
DA:66,3
DA:68,3
DA:69,3
DA:71,3
DA:76,2
DA:78,2
DA:80,2
DA:90,2
DA:101,2
DA:108,2
DA:120,2
DA:122,2
DA:127,1
DA:128,1
DA:133,27
LF:37
LH:37
BRDA:9,0,0,1
BRDA:9,0,1,3
BRDA:42,1,0,2
BRDA:42,1,1,1
BRDA:43,2,0,2
BRDA:43,2,1,1
BRDA:44,3,0,2
BRDA:44,3,1,1
BRDA:68,4,0,2
BRDA:68,4,1,1
BRDA:69,5,0,2
BRDA:69,5,1,1
BRDA:113,6,0,2
BRDA:113,6,1,0
BRDA:123,7,0,2
BRDA:123,7,1,1
BRF:16
BRH:15
end_of_record
TN:
SF:src\controllers\searchController.js
FN:3,(anonymous_0)
FNF:1
FNH:1
FNDA:3,(anonymous_0)
DA:1,27
DA:3,27
DA:4,3
DA:6,3
DA:7,3
DA:10,3
DA:11,1
DA:18,2
DA:29,2
DA:35,2
DA:36,2
DA:45,2
DA:46,1
DA:50,2
DA:51,1
DA:55,2
DA:56,1
DA:65,2
DA:89,2
DA:107,0
DA:108,0
LF:21
LH:19
BRDA:10,0,0,1
BRDA:10,0,1,2
BRDA:10,1,0,3
BRDA:10,1,1,1
BRDA:10,1,2,1
BRDA:10,1,3,1
BRDA:22,2,0,2
BRDA:22,2,1,0
BRDA:23,3,0,2
BRDA:23,3,1,0
BRDA:35,4,0,2
BRDA:35,4,1,0
BRDA:45,5,0,1
BRDA:45,5,1,1
BRDA:50,6,0,1
BRDA:50,6,1,1
BRDA:55,7,0,1
BRDA:55,7,1,1
BRDA:55,8,0,2
BRDA:55,8,1,1
BRDA:69,9,0,2
BRDA:69,9,1,0
BRDA:70,10,0,2
BRDA:70,10,1,0
BRDA:79,11,0,2
BRDA:79,11,1,0
BRDA:83,12,0,2
BRDA:83,12,1,0
BRF:28
BRH:21
end_of_record
TN:
SF:src\controllers\statusController.js
FN:24,(anonymous_0)
FN:63,(anonymous_1)
FN:122,(anonymous_2)
FN:152,(anonymous_3)
FNF:4
FNH:4
FNDA:10,(anonymous_0)
FNDA:2,(anonymous_1)
FNDA:3,(anonymous_2)
FNDA:4,(anonymous_3)
DA:1,27
DA:9,27
DA:24,27
DA:25,10
DA:26,10
DA:27,10
DA:28,10
DA:31,10
DA:32,1
DA:36,9
DA:41,8
DA:42,1
DA:45,7
DA:48,7
DA:49,7
DA:50,1
DA:57,6
DA:59,3
DA:60,1
DA:63,2
DA:64,2
DA:65,1
DA:72,4
DA:73,1
DA:77,3
DA:78,1
DA:83,2
DA:93,2
DA:105,2
DA:112,1
DA:113,1
DA:122,27
DA:123,3
DA:124,3
DA:126,3
DA:136,2
DA:137,1
DA:140,1
DA:142,1
DA:143,1
DA:152,27
DA:153,4
DA:154,4
DA:155,4
DA:156,4
DA:159,4
DA:160,1
DA:163,3
DA:164,2
DA:165,1
DA:168,1
DA:171,1
DA:182,1
DA:194,1
DA:200,1
DA:201,1
LF:56
LH:56
BRDA:31,0,0,1
BRDA:31,0,1,9
BRDA:41,1,0,1
BRDA:41,1,1,7
BRDA:48,2,0,7
BRDA:48,2,1,0
BRDA:49,3,0,1
BRDA:49,3,1,6
BRDA:57,4,0,3
BRDA:57,4,1,3
BRDA:59,5,0,1
BRDA:59,5,1,2
BRDA:59,6,0,3
BRDA:59,6,1,2
BRDA:64,7,0,1
BRDA:64,7,1,1
BRDA:72,8,0,1
BRDA:72,8,1,3
BRDA:72,9,0,4
BRDA:72,9,1,2
BRDA:77,10,0,1
BRDA:77,10,1,2
BRDA:77,11,0,3
BRDA:77,11,1,2
BRDA:100,12,0,2
BRDA:100,12,1,1
BRDA:101,13,0,0
BRDA:101,13,1,2
BRDA:136,14,0,1
BRDA:136,14,1,1
BRDA:136,15,0,2
BRDA:136,15,1,2
BRDA:159,16,0,1
BRDA:159,16,1,3
BRDA:159,17,0,4
BRDA:159,17,1,1
BRDA:164,18,0,1
BRDA:164,18,1,1
BRDA:189,19,0,1
BRDA:189,19,1,0
BRF:40
BRH:37
end_of_record
TN:
SF:src\controllers\supportController.js
FN:5,(anonymous_0)
FN:38,(anonymous_1)
FN:54,(anonymous_2)
FNF:3
FNH:3
FNDA:5,(anonymous_0)
FNDA:2,(anonymous_1)
FNDA:2,(anonymous_2)
DA:1,27
DA:5,27
DA:6,5
DA:7,5
DA:8,5
DA:10,5
DA:11,2
DA:16,3
DA:27,2
DA:32,1
DA:38,27
DA:39,2
DA:40,2
DA:43,1
DA:48,1
DA:54,27
DA:55,2
DA:56,2
DA:59,1
DA:64,1
LF:20
LH:20
BRDA:10,0,0,2
BRDA:10,0,1,3
BRDA:10,1,0,5
BRDA:10,1,1,4
BRDA:21,2,0,3
BRDA:21,2,1,2
BRF:6
BRH:6
end_of_record
TN:
SF:src\controllers\taskController.js
FN:8,(anonymous_0)
FN:86,(anonymous_1)
FNF:2
FNH:2
FNDA:6,(anonymous_0)
FNDA:4,(anonymous_1)
DA:1,27
DA:8,27
DA:9,6
DA:10,6
DA:11,6
DA:14,6
DA:15,1
DA:22,5
DA:23,2
DA:31,3
DA:38,2
DA:39,1
DA:47,1
DA:66,1
DA:73,1
DA:74,1
DA:86,27
DA:87,4
DA:88,4
DA:89,4
DA:92,4
DA:93,2
DA:100,2
DA:109,1
DA:115,1
DA:116,1
LF:26
LH:26
BRDA:14,0,0,1
BRDA:14,0,1,5
BRDA:22,1,0,2
BRDA:22,1,1,3
BRDA:22,2,0,5
BRDA:22,2,1,4
BRDA:38,3,0,1
BRDA:38,3,1,1
BRDA:92,4,0,2
BRDA:92,4,1,2
BRDA:92,5,0,4
BRDA:92,5,1,2
BRF:12
BRH:12
end_of_record
TN:
SF:src\controllers\teamController.js
FN:17,generateInviteCode
FN:23,isOwnerLike
FN:31,(anonymous_2)
FN:77,(anonymous_3)
FN:87,(anonymous_4)
FN:97,(anonymous_5)
FN:129,(anonymous_6)
FN:151,(anonymous_7)
FN:183,(anonymous_8)
FNF:9
FNH:9
FNDA:1,generateInviteCode
FNDA:14,isOwnerLike
FNDA:2,(anonymous_2)
FNDA:2,(anonymous_3)
FNDA:1,(anonymous_4)
FNDA:5,(anonymous_5)
FNDA:1,(anonymous_6)
FNDA:3,(anonymous_7)
FNDA:3,(anonymous_8)
DA:13,27
DA:14,27
DA:15,27
DA:19,1
DA:20,1
DA:24,14
DA:31,27
DA:32,2
DA:33,1
DA:37,1
DA:38,1
DA:39,1
DA:40,1
DA:43,1
DA:44,1
DA:45,1
DA:48,1
DA:50,1
DA:53,1
DA:70,1
DA:77,27
DA:78,2
DA:79,1
DA:81,1
DA:86,1
DA:87,1
DA:97,27
DA:98,5
DA:99,5
DA:101,5
DA:102,4
DA:103,0
DA:106,4
DA:107,4
DA:108,3
DA:110,2
DA:113,2
DA:115,1
DA:125,1
DA:129,27
DA:130,1
DA:144,1
DA:151,27
DA:152,3
DA:153,1
DA:156,2
DA:162,2
DA:164,2
DA:179,2
DA:183,27
DA:184,3
DA:185,1
DA:187,2
DA:188,2
DA:191,2
DA:192,1
LF:56
LH:55
BRDA:24,0,0,14
BRDA:24,0,1,5
BRDA:32,1,0,1
BRDA:32,1,1,1
BRDA:43,2,0,1
BRDA:43,2,1,0
BRDA:43,3,0,1
BRDA:43,3,1,0
BRDA:43,3,2,0
BRDA:48,4,0,0
BRDA:48,4,1,1
BRDA:78,5,0,1
BRDA:78,5,1,1
BRDA:90,6,0,0
BRDA:90,6,1,1
BRDA:98,7,0,5
BRDA:98,7,1,1
BRDA:99,8,0,5
BRDA:99,8,1,4
BRDA:101,9,0,1
BRDA:101,9,1,4
BRDA:102,10,0,0
BRDA:102,10,1,4
BRDA:107,11,0,1
BRDA:107,11,1,3
BRDA:108,12,0,1
BRDA:108,12,1,2
BRDA:113,13,0,1
BRDA:113,13,1,1
BRDA:152,14,0,1
BRDA:152,14,1,2
BRDA:152,15,0,3
BRDA:152,15,1,2
BRDA:156,16,0,1
BRDA:156,16,1,1
BRDA:162,17,0,0
BRDA:162,17,1,2
BRDA:184,18,0,1
BRDA:184,18,1,2
BRDA:191,19,0,1
BRDA:191,19,1,1
BRF:41
BRH:34
end_of_record
TN:
SF:src\lib\response.js
FN:12,ok
FN:19,fail
FN:27,asyncHandler
FN:28,(anonymous_3)
FNF:4
FNH:4
FNDA:37,ok
FNDA:51,fail
FNDA:756,asyncHandler
FNDA:88,(anonymous_3)
DA:13,37
DA:20,51
DA:28,756
DA:29,88
DA:33,27
LF:5
LH:5
BRDA:12,0,0,0
BRDA:19,1,0,51
BRF:2
BRH:1
end_of_record
TN:
SF:src\lib\roles.js
FN:10,normalizeRole
FN:16,denormalizeRole
FN:21,isSelfRegistrable
FNF:3
FNH:3
FNDA:11,normalizeRole
FNDA:11,denormalizeRole
FNDA:4,isSelfRegistrable
DA:7,27
DA:8,27
DA:11,11
DA:12,11
DA:13,11
DA:18,11
DA:22,4
DA:25,27
LF:8
LH:8
BRDA:11,0,0,0
BRDA:11,0,1,11
BRDA:13,1,0,10
BRDA:13,1,1,1
BRDA:18,2,0,11
BRDA:18,2,1,0
BRF:6
BRH:4
end_of_record
TN:
SF:src\lib\userPresenter.js
FN:9,presentUser
FNF:1
FNH:1
FNDA:11,presentUser
DA:7,27
DA:10,11
DA:11,11
DA:42,27
DA:74,27
LF:5
LH:5
BRDA:10,0,0,0
BRDA:10,0,1,11
BRDA:14,1,0,11
BRDA:14,1,1,0
BRDA:15,2,0,11
BRDA:15,2,1,0
BRDA:16,3,0,11
BRDA:16,3,1,11
BRDA:17,4,0,11
BRDA:17,4,1,11
BRDA:19,5,0,11
BRDA:19,5,1,11
BRDA:20,6,0,11
BRDA:20,6,1,11
BRDA:21,7,0,11
BRDA:21,7,1,11
BRDA:22,8,0,11
BRDA:22,8,1,11
BRDA:23,9,0,11
BRDA:23,9,1,11
BRDA:24,10,0,11
BRDA:24,10,1,8
BRDA:25,11,0,11
BRDA:25,11,1,11
BRDA:26,12,0,0
BRDA:26,12,1,11
BRDA:27,13,0,11
BRDA:27,13,1,11
BRDA:28,14,0,11
BRDA:28,14,1,11
BRDA:29,15,0,11
BRDA:29,15,1,10
BRDA:30,16,0,0
BRDA:30,16,1,11
BRDA:32,17,0,11
BRDA:32,17,1,11
BRDA:33,18,0,11
BRDA:33,18,1,11
BRDA:34,19,0,11
BRDA:34,19,1,11
BRDA:35,20,0,0
BRDA:35,20,1,11
BRF:42
BRH:36
end_of_record
TN:
SF:src\middleware\authMiddleware.js
FN:12,authenticate
FNF:1
FNH:1
FNDA:255,authenticate
DA:7,27
DA:10,27
DA:13,255
DA:14,255
DA:15,18
DA:17,237
DA:18,237
DA:19,237
DA:20,236
DA:21,236
DA:23,1
DA:27,27
DA:28,27
DA:29,27
LF:14
LH:14
BRDA:10,0,0,27
BRDA:10,0,1,1
BRDA:13,1,0,255
BRDA:13,1,1,18
BRDA:14,2,0,18
BRDA:14,2,1,237
BRF:6
BRH:6
end_of_record
TN:
SF:src\middleware\errorMiddleware.js
FN:7,errorMiddleware
FNF:1
FNH:1
FNDA:9,errorMiddleware
DA:9,9
DA:10,9
DA:13,9
DA:15,2
DA:16,2
DA:20,7
DA:21,1
DA:23,6
DA:24,1
DA:28,5
DA:29,1
DA:32,4
DA:33,4
DA:41,28
LF:14
LH:14
BRDA:10,0,0,9
BRDA:10,0,1,1
BRDA:13,1,0,2
BRDA:13,1,1,7
BRDA:13,2,0,9
BRDA:13,2,1,9
BRDA:15,3,0,2
BRDA:15,3,1,1
BRDA:15,3,2,1
BRDA:17,4,0,2
BRDA:17,4,1,1
BRDA:20,5,0,1
BRDA:20,5,1,6
BRDA:20,6,0,7
BRDA:20,6,1,7
BRDA:23,7,0,1
BRDA:23,7,1,5
BRDA:23,8,0,6
BRDA:23,8,1,6
BRDA:28,9,0,1
BRDA:28,9,1,4
BRDA:28,10,0,5
BRDA:28,10,1,5
BRDA:32,11,0,4
BRDA:32,11,1,3
BRDA:32,11,2,2
BRDA:34,12,0,4
BRDA:34,12,1,1
BRDA:35,13,0,0
BRDA:35,13,1,4
BRDA:35,14,0,4
BRDA:35,14,1,0
BRF:32
BRH:30
end_of_record
